Arguments: 
  C:\Program Files\nodejs\node.exe C:\Users\My Pc\AppData\Roaming\npm\node_modules\yarn\bin\yarn.js install --force

PATH: 
  C:\Program Files (x86)\NVIDIA Corporation\PhysX\Common;C:\Program Files (x86)\Intel\iCLS Client\;C:\Program Files\Intel\iCLS Client\;C:\WINDOWS\system32;C:\WINDOWS;C:\WINDOWS\System32\Wbem;C:\WINDOWS\System32\WindowsPowerShell\v1.0\;C:\Program Files (x86)\Intel\Intel(R) Management Engine Components\DAL;C:\Program Files\Intel\Intel(R) Management Engine Components\DAL;C:\Program Files (x86)\Intel\Intel(R) Management Engine Components\IPT;C:\Program Files\Intel\Intel(R) Management Engine Components\IPT;C:\Program Files\Microsoft\Web Platform Installer\;C:\Program Files (x86)\Microsoft ASP.NET\ASP.NET Web Pages\v1.0\;C:\Program Files (x86)\Microsoft SQL Server\110\DTS\Binn\;C:\Program Files (x86)\Microsoft SQL Server\110\Tools\Binn\;C:\Program Files (x86)\Microsoft SQL Server\110\Tools\Binn\ManagementStudio\;C:\Program Files (x86)\Microsoft Visual Studio 10.0\Common7\IDE\PrivateAssemblies\;C:\Program Files (x86)\Calibre2\;C:\Program Files (x86)\Common Files\lenovo\easyplussdk\bin;C:\Program Files (x86)\Skype\Phone\;C:\WINDOWS\System32\OpenSSH\;C:\Program Files\dotnet\;C:\Program Files\Microsoft SQL Server\130\Tools\Binn\;C:\Program Files\Microsoft SQL Server\Client SDK\ODBC\170\Tools\Binn\;C:\Program Files\Microsoft SQL Server\Client SDK\ODBC\130\Tools\Binn\;C:\Program Files (x86)\Microsoft SQL Server\140\Tools\Binn\;C:\Program Files\Microsoft SQL Server\140\Tools\Binn\;C:\Program Files\Microsoft SQL Server\140\DTS\Binn\;C:\Program Files (x86)\Microsoft SQL Server\150\DTS\Binn\;C:\Program Files\nodejs\;C:\Program Files\TortoiseSVN\bin;C:\Users\My Pc\AppData\Local\Programs\Python\Python37-32\Scripts\;C:\Users\My Pc\AppData\Local\Programs\Python\Python37-32\;C:\Users\My Pc\AppData\Local\Microsoft\WindowsApps;C:\Users\My Pc\AppData\Local\Programs\Microsoft VS Code\bin;C:\Users\My Pc\AppData\Roaming\npm;

Yarn version: 
  1.22.4

Node version: 
  12.6.0

Platform: 
  win32 x64

Trace: 
  Error: EPERM: operation not permitted, unlink 'C:\Users\My Pc\Desktop\ReactCourse\IndecisionApp\node_modules\webpack\node_modules\supports-color'

npm manifest: 
  {
    "name": "indecisionapp",
    "version": "1.0.0",
    "main": "index.js",
    "author": "Nagaraj Kulkarni",
    "license": "MIT",
    "scripts": {
      "serve": "live-server public",
      "build": "webpack",
      "dev-server": "webpack-dev-server"
    },
    "dependencies": {
      "babel-cli": "6.24.1",
      "babel-core": "6.25.0",
      "babel-loader": "7.1.1",
      "babel-plugin-transform-class-properties": "6.24.1",
      "babel-preset-env": "1.5.2",
      "babel-preset-react": "6.24.1",
      "live-server": "^1.2.1",
      "react": "16.0.0",
      "react-dom": "^16.13.1",
      "react-modal": "2.2.2",
      "validator": "8.0.0",
      "webpack": "3.1.0",
      "webpack-dev-server": "2.5.1"
    }
  }

yarn manifest: 
  No manifest

Lockfile: 
  No lockfile
